
R version 4.4.2 (2024-10-31) -- "Pile of Leaves"
Copyright (C) 2024 The R Foundation for Statistical Computing
Platform: x86_64-redhat-linux-gnu

R is free software and comes with ABSOLUTELY NO WARRANTY.
You are welcome to redistribute it under certain conditions.
Type 'license()' or 'licence()' for distribution details.

R is a collaborative project with many contributors.
Type 'contributors()' for more information and
'citation()' on how to cite R or R packages in publications.

Type 'demo()' for some demos, 'help()' for on-line help, or
'help.start()' for an HTML browser interface to help.
Type 'q()' to quit R.

> # Multi-Trait Multi-Environment models ----
> # This script fits Multi-Trait Multi-Environment models
> 
> # Objective ----
> # - 
> 
> # Clean workspace
> rm(list = objects())  # Removes all objects from the environment.
> 
> # Packages ----
> library(tidyverse) # R packages for data science.
── Attaching core tidyverse packages ──────────────────────── tidyverse 2.0.0 ──
✔ dplyr     1.1.4     ✔ readr     2.1.5
✔ forcats   1.0.0     ✔ stringr   1.5.1
✔ ggplot2   3.5.1     ✔ tibble    3.2.1
✔ lubridate 1.9.4     ✔ tidyr     1.3.1
✔ purrr     1.0.2     
── Conflicts ────────────────────────────────────────── tidyverse_conflicts() ──
✖ dplyr::filter() masks stats::filter()
✖ dplyr::lag()    masks stats::lag()
ℹ Use the conflicted package (<http://conflicted.r-lib.org/>) to force all conflicts to become errors
> library(asreml) # ASReml-R package.
Loading required package: Matrix

Attaching package: ‘Matrix’

The following objects are masked from ‘package:tidyr’:

    expand, pack, unpack

Online License checked out Wed Jan 29 14:43:26 2025
Loading ASReml-R version 4.2

> 
> # Load data ----
> ## Pheno & Ginv
> load('ILYT_Pheno-Gmatrix.RData')
> 
> # Fit FA2 model ----
> 
> ## Run model ----
> MTME_FA2.asr <- asreml(
+   Pheno_z ~ TraitEnv,
+   random = ~ fa(TraitEnv,2):vm(Gkeep, Ginv.sparse),
+   residual = ~ dsum(~ ar1(Col):ar1(Row) | TraitEnv),
+   sparse = ~ TraitEnv:Gdrop,
+   data = ILYT_Pheno,
+   na.action = na.method(x = "include"),
+   maxit = 20,
+   workspace = '128gb'
+ )
 Move    120958 [5249] to    120950 [5241]   0.000     -0.2535E+31  0.3961E+29
 Move    120955 [5246] to    120954 [5245]   0.000      0.2862E+29   -Infinity
 Move    120952 [5243] to    120949 [5240]   0.000      0.4952E+28  0.3169E+30
 Move    120945 [5236] to    120940 [5231]  0.4378E-13  0.7923E+29  0.1934E+26
 Move    120927 [5218] to    120926 [5217]   0.000      0.3289E+35  0.2952E+32
 Move    120738 [5029] to    120737 [5028]   0.000        Infinity   -Infinity
 Move    120431 [4722] to    120430 [4721]   0.000       -Infinity    Infinity
 Move    120280 [4571] to    120278 [4569]   0.000        Infinity    Infinity
 Move    120279 [4570] to    120277 [4568]   0.000        Infinity   -Infinity
 Move    121341 [5632] to    121335 [5626]   0.000     -0.3079E+14 -0.1968E+16
 Move    121340 [5631] to    121337 [5628]   0.000      0.8796E+13  0.3958E+14
 Move    121240 [5531] to    121236 [5527]   0.000     -0.2535E+31 -0.1854E+22
 Move    121239 [5530] to    121236 [5527]   0.000      0.1054E+23 -0.2781E+22
 Move    121238 [5529] to    121236 [5527]   0.000      0.2077E+35 -0.4172E+22
 Move    121237 [5528] to    121236 [5527]   0.000     -0.2596E+34 -0.6258E+22
 Move    121115 [5406] to    121112 [5403]   0.000        Infinity   -Infinity
 Move    121114 [5405] to    121113 [5404]   0.000       -Infinity   -Infinity
 Move    121111 [5402] to    121109 [5400]   0.000       -Infinity   -Infinity
 Move    121060 [5351] to    121059 [5350]   0.000        Infinity   -Infinity
 Move    120461 [4752] to    120459 [4750]   0.000        Infinity    Infinity
 Move    120328 [4619] to    120325 [4616]   0.000       -Infinity   -Infinity
 Move    120327 [4618] to    120325 [4616]   0.000       -Infinity   -Infinity
 Move    120326 [4617] to    120323 [4614]   0.000       -Infinity    Infinity
 Move    120311 [4602] to    120310 [4601]   0.000       -Infinity    Infinity
 Move    120302 [4593] to    120301 [4592]   0.000       -Infinity    Infinity
Error in asreml(Pheno_z ~ TraitEnv, random = ~fa(TraitEnv, 2):vm(Gkeep,  : 
  Error   : Iteration failed; ifault: 2990
Calls: asreml -> vs_Call -> vsn.tryCatch.W.E.rethrow
In addition: Warning message:
In asreml(Pheno_z ~ TraitEnv, random = ~fa(TraitEnv, 2):vm(Gkeep,  :
  Error   :  Lagrangian Equation order issue was not fixed.
Execution halted
