
R version 4.4.2 (2024-10-31) -- "Pile of Leaves"
Copyright (C) 2024 The R Foundation for Statistical Computing
Platform: x86_64-redhat-linux-gnu

R is free software and comes with ABSOLUTELY NO WARRANTY.
You are welcome to redistribute it under certain conditions.
Type 'license()' or 'licence()' for distribution details.

R is a collaborative project with many contributors.
Type 'contributors()' for more information and
'citation()' on how to cite R or R packages in publications.

Type 'demo()' for some demos, 'help()' for on-line help, or
'help.start()' for an HTML browser interface to help.
Type 'q()' to quit R.

Online License checked out Tue Feb  4 16:40:02 2025
[Previously saved workspace restored]

> # Multi-Trait Multi-Environment models ----
> # This script fits Multi-Trait Multi-Environment models
> 
> # Objective ----
> # - 
> 
> # Clean workspace
> rm(list = objects())  # Removes all objects from the environment.
> 
> # Packages ----
> library(tidyverse) # R packages for data science.
── Attaching core tidyverse packages ──────────────────────── tidyverse 2.0.0 ──
✔ dplyr     1.1.4     ✔ readr     2.1.5
✔ forcats   1.0.0     ✔ stringr   1.5.1
✔ ggplot2   3.5.1     ✔ tibble    3.2.1
✔ lubridate 1.9.4     ✔ tidyr     1.3.1
✔ purrr     1.0.2     
── Conflicts ────────────────────────────────────────── tidyverse_conflicts() ──
✖ dplyr::filter() masks stats::filter()
✖ dplyr::lag()    masks stats::lag()
ℹ Use the conflicted package (<http://conflicted.r-lib.org/>) to force all conflicts to become errors
> library(asreml) # ASReml-R package.
Loading required package: Matrix

Attaching package: ‘Matrix’

The following objects are masked from ‘package:tidyr’:

    expand, pack, unpack

Loading ASReml-R version 4.2

> 
> # # Load data ----
> # ## Pheno & Ginv
> # load('ILYT_Pheno-Gmatrix.RData')
> # 
> # # Fit RR4 model ----
> # 
> # ## Run model ----
> # MTME_RR4.asr <- asreml(
> #   Pheno_z ~ TraitEnv,
> #   random = ~ rr(TraitEnv,4):vm(Gkeep, Ginv.sparse) + diag(TraitEnv):vm(Gkeep, Ginv.sparse),
> #   residual = ~ dsum(~ ar1(Col):ar1(Row) | TraitEnv),
> #   sparse = ~ TraitEnv:Gdrop,
> #   data = ILYT_Pheno,
> #   na.action = na.method(x = "include"),
> #   maxit = 20,
> #   workspace = '120gb'
> # )
> # 
> # # Print model info
> # print('MTME-RR4')
> # print(summary(MTME_RR4.asr)$call)
> # print('AIC')
> # print(summary(MTME_RR4.asr)$aic)
> # print(paste('convergence =', MTME_RR4.asr$converge))
> # 
> # save.image('MTME_mod_rr4.RData')
> 
> #### Update model ----
> load('MTME_mod_rr4.RData')
> MTME_RR4.asr <- update(MTME_RR4.asr)
